0 info it worked if it ends with ok
1 verbose cli [ 'node', '/usr/local/bin/npm', 'start' ]
2 info using npm@3.5.3
3 info using node@v0.10.36
4 verbose node symlink /usr/local/bin/node
5 verbose run-script [ 'prestart', 'start', 'poststart' ]
6 info lifecycle spoke-master-mind-game@0.0.0~prestart: spoke-master-mind-game@0.0.0
7 silly lifecycle spoke-master-mind-game@0.0.0~prestart: no script for prestart, continuing
8 info lifecycle spoke-master-mind-game@0.0.0~start: spoke-master-mind-game@0.0.0
9 verbose lifecycle spoke-master-mind-game@0.0.0~start: unsafe-perm in lifecycle true
10 verbose lifecycle spoke-master-mind-game@0.0.0~start: PATH: /usr/local/lib/node_modules/npm/bin/node-gyp-bin:/Users/sophiawang/Desktop/Projects/Spoke_Master_Mind_Game/node_modules/.bin:/Users/sophiawang/.rvm/gems/ruby-2.4.0/bin:/Users/sophiawang/.rvm/gems/ruby-2.4.0@global/bin:/Users/sophiawang/.rvm/rubies/ruby-2.4.0/bin:/opt/local/bin:/opt/local/sbin:/usr/bin:/bin:/usr/sbin:/sbin:/usr/local/bin:/opt/X11/bin:/usr/local/git/bin:/Users/sophiawang/.rvm/bin
11 verbose lifecycle spoke-master-mind-game@0.0.0~start: CWD: /Users/sophiawang/Desktop/Projects/Spoke_Master_Mind_Game
12 silly lifecycle spoke-master-mind-game@0.0.0~start: Args: [ '-c', 'node ./bin/www' ]
13 silly lifecycle spoke-master-mind-game@0.0.0~start: Returned: code: 8  signal: null
14 info lifecycle spoke-master-mind-game@0.0.0~start: Failed to exec start script
15 verbose stack Error: spoke-master-mind-game@0.0.0 start: `node ./bin/www`
15 verbose stack Exit status 8
15 verbose stack     at EventEmitter.<anonymous> (/usr/local/lib/node_modules/npm/lib/utils/lifecycle.js:232:16)
15 verbose stack     at EventEmitter.emit (events.js:98:17)
15 verbose stack     at ChildProcess.<anonymous> (/usr/local/lib/node_modules/npm/lib/utils/spawn.js:24:14)
15 verbose stack     at ChildProcess.emit (events.js:98:17)
15 verbose stack     at maybeClose (child_process.js:766:16)
15 verbose stack     at Process.ChildProcess._handle.onexit (child_process.js:833:5)
16 verbose pkgid spoke-master-mind-game@0.0.0
17 verbose cwd /Users/sophiawang/Desktop/Projects/Spoke_Master_Mind_Game
18 error Darwin 13.4.0
19 error argv "node" "/usr/local/bin/npm" "start"
20 error node v0.10.36
21 error npm  v3.5.3
22 error code ELIFECYCLE
23 error spoke-master-mind-game@0.0.0 start: `node ./bin/www`
23 error Exit status 8
24 error Failed at the spoke-master-mind-game@0.0.0 start script 'node ./bin/www'.
24 error Make sure you have the latest version of node.js and npm installed.
24 error If you do, this is most likely a problem with the spoke-master-mind-game package,
24 error not with npm itself.
24 error Tell the author that this fails on your system:
24 error     node ./bin/www
24 error You can get information on how to open an issue for this project with:
24 error     npm bugs spoke-master-mind-game
24 error Or if that isn't available, you can get their info via:
24 error     npm owner ls spoke-master-mind-game
24 error There is likely additional logging output above.
25 verbose exit [ 1, true ]
